<?xml version="1.0" encoding="UTF-8"?>
<Site BuildName="(empty)"
	BuildStamp="20241024-0149-Experimental"
	Name="Liam-ROS2"
	Generator="ctest-3.22.1"
	CompilerName="/usr/bin/c++"
	CompilerVersion="11.4.0"
	OSName="Linux"
	Hostname="Liam-ROS2"
	OSRelease="6.8.0-47-generic"
	OSVersion="#47~22.04.1-Ubuntu SMP PREEMPT_DYNAMIC Wed Oct  2 16:16:55 UTC 2"
	OSPlatform="x86_64"
	Is64Bits="1"
	VendorString="GenuineIntel"
	VendorID="Intel Corporation"
	FamilyID="6"
	ModelID="126"
	ProcessorCacheSize="8192"
	NumberOfLogicalCPU="8"
	NumberOfPhysicalCPU="4"
	TotalVirtualMemory="0"
	TotalPhysicalMemory="15763"
	LogicalProcessorsPerPhysical="2"
	ProcessorClockFrequency="1599.98"
	>
	<Testing>
		<StartDateTime>Oct 24 17:01 AEDT</StartDateTime>
		<StartTestTime>1729749671</StartTestTime>
		<TestList/>
		<EndDateTime>Oct 24 17:01 AEDT</EndDateTime>
		<EndTestTime>1729749671</EndTestTime>
		<ElapsedMinutes>0</ElapsedMinutes>
	</Testing>
</Site>
