<?xml version="1.0" encoding="UTF-8"?>
<Site BuildName="(empty)"
	BuildStamp="20240904-0419-Experimental"
	Name="Liam-ROS2"
	Generator="ctest-3.22.1"
	CompilerName="/usr/bin/c++"
	CompilerVersion="11.4.0"
	OSName="Linux"
	Hostname="Liam-ROS2"
	OSRelease="6.8.0-40-generic"
	OSVersion="#40~22.04.3-Ubuntu SMP PREEMPT_DYNAMIC Tue Jul 30 17:30:19 UTC 2"
	OSPlatform="x86_64"
	Is64Bits="1"
	VendorString="GenuineIntel"
	VendorID="Intel Corporation"
	FamilyID="6"
	ModelID="126"
	ProcessorCacheSize="8192"
	NumberOfLogicalCPU="8"
	NumberOfPhysicalCPU="4"
	TotalVirtualMemory="0"
	TotalPhysicalMemory="15763"
	LogicalProcessorsPerPhysical="2"
	ProcessorClockFrequency="2452.13"
	>
	<Testing>
		<StartDateTime>Sep 04 14:19 AEST</StartDateTime>
		<StartTestTime>1725423568</StartTestTime>
		<TestList/>
		<EndDateTime>Sep 04 14:19 AEST</EndDateTime>
		<EndTestTime>1725423568</EndTestTime>
		<ElapsedMinutes>0</ElapsedMinutes>
	</Testing>
</Site>
